This file contains any messages produced by compilers while
running configure, to aid debugging if configure makes a mistake.

It was created by libffi configure 3.4.4, which was
generated by GNU Autoconf 2.71.  Invocation command line was

  $ /Users/kuray/Coursion/OpenSource/react-native-typescript-boilerplate/rntypescriptBoilerplate/vendor/bundle/ruby/2.7.0/gems/ffi-1.16.3/ext/ffi_c/libffi/configure --disable-shared --enable-static --with-pic=yes --disable-dependency-tracking --disable-docs --host=aarch64-apple-darwin22

## --------- ##
## Platform. ##
## --------- ##

hostname = Kurays-Mac-Studio.local
uname -m = arm64
uname -r = 23.2.0
uname -s = Darwin
uname -v = Darwin Kernel Version 23.2.0: Fri Oct 13 09:27:54 PDT 2023; root:xnu-10002.60.54~14/RELEASE_ARM64_T6000

/usr/bin/uname -p = arm
/bin/uname -X     = unknown

/bin/arch              = unknown
/usr/bin/arch -k       = unknown
/usr/convex/getsysinfo = unknown
/usr/bin/hostinfo      = Mach kernel version:
	 Darwin Kernel Version 23.2.0: Fri Oct 13 09:27:54 PDT 2023; root:xnu-10002.60.54~14/RELEASE_ARM64_T6000
Kernel configured for up to 20 processors.
20 processors are physically available.
20 processors are logically available.
Processor type: arm64e (ARM64E)
Processors active: 0 1 2 3 4 5 6 7 8 9 10 11 12 13 14 15 16 17 18 19
Primary memory available: 128.00 gigabytes
Default processor set: 950 tasks, 5297 threads, 20 processors
Load average: 29.58, Mach factor: 1.23
/bin/machine           = unknown
/usr/bin/oslevel       = unknown
/bin/universe          = unknown

PATH: /Users/kuray/Coursion/OpenSource/react-native-typescript-boilerplate/rntypescriptBoilerplate/ios/node_modules/.bin/
PATH: /Users/kuray/Coursion/OpenSource/react-native-typescript-boilerplate/rntypescriptBoilerplate/node_modules/.bin/
PATH: /Users/kuray/Coursion/OpenSource/react-native-typescript-boilerplate/node_modules/.bin/
PATH: /Users/kuray/Coursion/OpenSource/node_modules/.bin/
PATH: /Users/kuray/Coursion/node_modules/.bin/
PATH: /Users/kuray/node_modules/.bin/
PATH: /Users/node_modules/.bin/
PATH: /node_modules/.bin/
PATH: /Users/kuray/.nvm/versions/node/v18.16.0/bin/
PATH: /Users/kuray/.npm/_npx/7930a8670f922cdb/node_modules/.bin/
PATH: /Users/kuray/Coursion/OpenSource/react-native-typescript-boilerplate/node_modules/.bin/
PATH: /Users/kuray/Coursion/OpenSource/node_modules/.bin/
PATH: /Users/kuray/Coursion/node_modules/.bin/
PATH: /Users/kuray/node_modules/.bin/
PATH: /Users/node_modules/.bin/
PATH: /node_modules/.bin/
PATH: /Users/kuray/.nvm/versions/node/v18.16.0/lib/node_modules/npm/node_modules/@npmcli/run-script/lib/node-gyp-bin/
PATH: /Users/kuray/.rvm/gems/ruby-2.7.4/bin/
PATH: /Users/kuray/.rvm/gems/ruby-2.7.4@global/bin/
PATH: /Users/kuray/.rvm/rubies/ruby-2.7.4/bin/
PATH: /Users/kuray/Downloads/google-cloud-sdk/bin/
PATH: /Users/kuray/.nvm/versions/node/v18.16.0/bin/
PATH: /opt/homebrew/bin/
PATH: /opt/homebrew/bin/
PATH: /usr/local/bin/
PATH: /System/Cryptexes/App/usr/bin/
PATH: /usr/bin/
PATH: /bin/
PATH: /usr/sbin/
PATH: /sbin/
PATH: /var/run/com.apple.security.cryptexd/codex.system/bootstrap/usr/local/bin/
PATH: /var/run/com.apple.security.cryptexd/codex.system/bootstrap/usr/bin/
PATH: /var/run/com.apple.security.cryptexd/codex.system/bootstrap/usr/appleinternal/bin/
PATH: /Library/Apple/usr/bin/
PATH: /Users/kuray/Library/Application Support/JetBrains/Toolbox/scripts/
PATH: /Users/kuray/Library/Android/sdk/emulator/
PATH: /Users/kuray/Library/Android/sdk/tools/
PATH: /Users/kuray/Library/Android/sdk/tools/bin/
PATH: /Users/kuray/Library/Android/sdk/platform-tools/
PATH: /Users/kuray/.rvm/bin/


## ----------- ##
## Core tests. ##
## ----------- ##

configure:3015: looking for aux files: ltmain.sh compile missing install-sh config.guess config.sub
configure:3028:  trying /Users/kuray/Coursion/OpenSource/react-native-typescript-boilerplate/rntypescriptBoilerplate/vendor/bundle/ruby/2.7.0/gems/ffi-1.16.3/ext/ffi_c/libffi/
configure:3057:   /Users/kuray/Coursion/OpenSource/react-native-typescript-boilerplate/rntypescriptBoilerplate/vendor/bundle/ruby/2.7.0/gems/ffi-1.16.3/ext/ffi_c/libffi/ltmain.sh found
configure:3057:   /Users/kuray/Coursion/OpenSource/react-native-typescript-boilerplate/rntypescriptBoilerplate/vendor/bundle/ruby/2.7.0/gems/ffi-1.16.3/ext/ffi_c/libffi/compile found
configure:3057:   /Users/kuray/Coursion/OpenSource/react-native-typescript-boilerplate/rntypescriptBoilerplate/vendor/bundle/ruby/2.7.0/gems/ffi-1.16.3/ext/ffi_c/libffi/missing found
configure:3039:   /Users/kuray/Coursion/OpenSource/react-native-typescript-boilerplate/rntypescriptBoilerplate/vendor/bundle/ruby/2.7.0/gems/ffi-1.16.3/ext/ffi_c/libffi/install-sh found
configure:3057:   /Users/kuray/Coursion/OpenSource/react-native-typescript-boilerplate/rntypescriptBoilerplate/vendor/bundle/ruby/2.7.0/gems/ffi-1.16.3/ext/ffi_c/libffi/config.guess found
configure:3057:   /Users/kuray/Coursion/OpenSource/react-native-typescript-boilerplate/rntypescriptBoilerplate/vendor/bundle/ruby/2.7.0/gems/ffi-1.16.3/ext/ffi_c/libffi/config.sub found
configure:3178: checking build system type
configure:3193: result: aarch64-apple-darwin23.2.0
configure:3213: checking host system type
configure:3227: result: aarch64-apple-darwin22
configure:3247: checking target system type
configure:3261: result: aarch64-apple-darwin22
configure:3359: checking for gsed
configure:3382: found /opt/homebrew/bin/gsed
configure:3395: result: /opt/homebrew/bin/gsed
configure:3424: checking for a BSD-compatible install
configure:3497: result: /opt/homebrew/bin/ginstall -c
configure:3508: checking whether build environment is sane
configure:3563: result: yes
configure:3615: checking for aarch64-apple-darwin22-strip
configure:3650: result: no
configure:3660: checking for strip
configure:3681: found /usr/bin/strip
configure:3692: result: strip
configure:3718: checking for a race-free mkdir -p
configure:3762: result: /opt/homebrew/bin/gmkdir -p
configure:3769: checking for gawk
configure:3804: result: no
configure:3769: checking for mawk
configure:3804: result: no
configure:3769: checking for nawk
configure:3804: result: no
configure:3769: checking for awk
configure:3790: found /usr/bin/awk
configure:3801: result: awk
configure:3812: checking whether make sets $(MAKE)
configure:3835: result: yes
configure:3865: checking whether make supports nested variables
configure:3883: result: yes
configure:4047: checking for aarch64-apple-darwin22-gcc
configure:4079: result: gcc
configure:4477: checking for C compiler version
configure:4486: gcc --version >&5
Apple clang version 15.0.0 (clang-1500.1.0.2.5)
Target: arm64-apple-darwin23.2.0
Thread model: posix
InstalledDir: /Applications/Xcode.app/Contents/Developer/Toolchains/XcodeDefault.xctoolchain/usr/bin
configure:4497: $? = 0
configure:4486: gcc -v >&5
Apple clang version 15.0.0 (clang-1500.1.0.2.5)
Target: arm64-apple-darwin23.2.0
Thread model: posix
InstalledDir: /Applications/Xcode.app/Contents/Developer/Toolchains/XcodeDefault.xctoolchain/usr/bin
configure:4497: $? = 0
configure:4486: gcc -V >&5
clang: error: argument to '-V' is missing (expected 1 value)
clang: error: no input files
configure:4497: $? = 1
configure:4486: gcc -qversion >&5
clang: error: unknown argument '-qversion'; did you mean '--version'?
clang: error: no input files
configure:4497: $? = 1
configure:4486: gcc -version >&5
clang: error: unknown argument '-version'; did you mean '--version'?
clang: error: no input files
configure:4497: $? = 1
configure:4517: checking whether the C compiler works
configure:4539: gcc    conftest.c  >&5
configure:4543: $? = 0
configure:4593: result: yes
configure:4596: checking for C compiler default output file name
configure:4598: result: a.out
configure:4604: checking for suffix of executables
configure:4611: gcc -o conftest    conftest.c  >&5
configure:4615: $? = 0
configure:4638: result: 
configure:4660: checking whether we are cross compiling
configure:4668: gcc -o conftest    conftest.c  >&5
configure:4672: $? = 0
configure:4679: ./conftest
configure:4683: $? = 0
configure:4698: result: no
configure:4703: checking for suffix of object files
configure:4726: gcc -c   conftest.c >&5
configure:4730: $? = 0
configure:4752: result: o
configure:4756: checking whether the compiler supports GNU C
configure:4776: gcc -c   conftest.c >&5
configure:4776: $? = 0
configure:4786: result: yes
configure:4797: checking whether gcc accepts -g
configure:4818: gcc -c -g  conftest.c >&5
configure:4818: $? = 0
configure:4862: result: yes
configure:4882: checking for gcc option to enable C11 features
configure:4897: gcc  -c   conftest.c >&5
conftest.c:25:14: warning: a function definition without a prototype is deprecated in all versions of C and is not supported in C2x [-Wdeprecated-non-prototype]
static char *e (p, i)
             ^
1 warning generated.
configure:4897: $? = 0
configure:4915: result: none needed
configure:5031: checking whether gcc understands -c and -o together
configure:5054: gcc -c conftest.c -o conftest2.o
configure:5057: $? = 0
configure:5054: gcc -c conftest.c -o conftest2.o
configure:5057: $? = 0
configure:5069: result: yes
configure:5089: checking whether make supports the include directive
configure:5104: make -f confmf.GNU && cat confinc.out
this is the am__doit target
configure:5107: $? = 0
configure:5126: result: yes (GNU style)
configure:5152: checking dependency style of gcc
configure:5264: result: none
configure:5299: checking for aarch64-apple-darwin22-g++
configure:5334: result: no
configure:5299: checking for aarch64-apple-darwin22-c++
configure:5334: result: no
configure:5299: checking for aarch64-apple-darwin22-gpp
configure:5334: result: no
configure:5299: checking for aarch64-apple-darwin22-aCC
configure:5334: result: no
configure:5299: checking for aarch64-apple-darwin22-CC
configure:5334: result: no
configure:5299: checking for aarch64-apple-darwin22-cxx
configure:5334: result: no
configure:5299: checking for aarch64-apple-darwin22-cc++
configure:5334: result: no
configure:5299: checking for aarch64-apple-darwin22-cl.exe
configure:5334: result: no
configure:5299: checking for aarch64-apple-darwin22-FCC
configure:5334: result: no
configure:5299: checking for aarch64-apple-darwin22-KCC
configure:5334: result: no
configure:5299: checking for aarch64-apple-darwin22-RCC
configure:5334: result: no
configure:5299: checking for aarch64-apple-darwin22-xlC_r
configure:5334: result: no
configure:5299: checking for aarch64-apple-darwin22-xlC
configure:5334: result: no
configure:5299: checking for aarch64-apple-darwin22-clang++
configure:5334: result: no
configure:5348: checking for g++
configure:5369: found /usr/bin/g++
configure:5380: result: g++
configure:5407: checking for C++ compiler version
configure:5416: g++ --version >&5
Apple clang version 15.0.0 (clang-1500.1.0.2.5)
Target: arm64-apple-darwin23.2.0
Thread model: posix
InstalledDir: /Applications/Xcode.app/Contents/Developer/Toolchains/XcodeDefault.xctoolchain/usr/bin
configure:5427: $? = 0
configure:5416: g++ -v >&5
Apple clang version 15.0.0 (clang-1500.1.0.2.5)
Target: arm64-apple-darwin23.2.0
Thread model: posix
InstalledDir: /Applications/Xcode.app/Contents/Developer/Toolchains/XcodeDefault.xctoolchain/usr/bin
configure:5427: $? = 0
configure:5416: g++ -V >&5
clang: error: argument to '-V' is missing (expected 1 value)
clang: error: no input files
configure:5427: $? = 1
configure:5416: g++ -qversion >&5
clang: error: unknown argument '-qversion'; did you mean '--version'?
clang: error: no input files
configure:5427: $? = 1
configure:5431: checking whether the compiler supports GNU C++
configure:5451: g++ -c   conftest.cpp >&5
configure:5451: $? = 0
configure:5461: result: yes
configure:5472: checking whether g++ accepts -g
configure:5493: g++ -c -g  conftest.cpp >&5
configure:5493: $? = 0
configure:5537: result: yes
configure:5557: checking for g++ option to enable C++11 features
configure:5572: g++  -c -g -O2  conftest.cpp >&5
conftest.cpp:57:3: error: "Compiler does not advertise C++11 conformance"
# error "Compiler does not advertise C++11 conformance"
  ^
conftest.cpp:62:3: error: unknown type name 'constexpr'
  constexpr int get_val() { return 20; }
  ^
conftest.cpp:74:17: error: delegating constructors are permitted only in C++11
    delegate(): delegate(2354) {}
                ^~~~~~~~
conftest.cpp:85:26: warning: 'override' keyword is a C++11 extension [-Wc++11-extensions]
    virtual int getval() override final { return this->n * 2; }
                         ^
conftest.cpp:85:35: warning: 'final' keyword is a C++11 extension [-Wc++11-extensions]
    virtual int getval() override final { return this->n * 2; }
                                  ^
conftest.cpp:92:16: warning: defaulted function definitions are a C++11 extension [-Wc++11-extensions]
    nocopy() = default;
               ^
conftest.cpp:93:29: warning: deleted function definitions are a C++11 extension [-Wc++11-extensions]
    nocopy(const nocopy&) = delete;
                            ^
conftest.cpp:94:41: warning: deleted function definitions are a C++11 extension [-Wc++11-extensions]
    nocopy & operator=(const nocopy&) = delete;
                                        ^
conftest.cpp:106:25: warning: 'auto' type specifier is a C++11 extension [-Wc++11-extensions]
  template <typename V> auto sum(V first) -> V
                        ^
conftest.cpp:106:25: error: 'auto' not allowed in function return type
  template <typename V> auto sum(V first) -> V
                        ^~~~
conftest.cpp:106:42: error: expected ';' at end of declaration
  template <typename V> auto sum(V first) -> V
                                         ^
                                         ;
conftest.cpp:106:43: error: cannot use arrow operator on a type
  template <typename V> auto sum(V first) -> V
                                          ^
conftest.cpp:110:33: warning: variadic templates are a C++11 extension [-Wc++11-extensions]
  template <typename V, typename... Args> auto sum(V first, Args... rest) -> V
                                ^
conftest.cpp:110:43: warning: 'auto' type specifier is a C++11 extension [-Wc++11-extensions]
  template <typename V, typename... Args> auto sum(V first, Args... rest) -> V
                                          ^
conftest.cpp:110:43: error: 'auto' not allowed in function return type
  template <typename V, typename... Args> auto sum(V first, Args... rest) -> V
                                          ^~~~
conftest.cpp:110:74: error: expected ';' at end of declaration
  template <typename V, typename... Args> auto sum(V first, Args... rest) -> V
                                                                         ^
                                                                         ;
conftest.cpp:110:75: error: cannot use arrow operator on a type
  template <typename V, typename... Args> auto sum(V first, Args... rest) -> V
                                                                          ^
conftest.cpp:134:3: warning: 'auto' type specifier is a C++11 extension [-Wc++11-extensions]
  auto a1 = 6538;
  ^
conftest.cpp:135:3: warning: 'auto' type specifier is a C++11 extension [-Wc++11-extensions]
  auto a2 = 48573953.4;
  ^
conftest.cpp:136:3: warning: 'auto' type specifier is a C++11 extension [-Wc++11-extensions]
  auto a3 = "String literal";
  ^
conftest.cpp:139:8: warning: 'auto' type specifier is a C++11 extension [-Wc++11-extensions]
  for (auto i = a3; *i; ++i) { total += *i; }
       ^
conftest.cpp:155:8: warning: 'auto' type specifier is a C++11 extension [-Wc++11-extensions]
  for (auto &x : array) { x += 23; }
       ^
conftest.cpp:155:16: warning: range-based for loop is a C++11 extension [-Wc++11-extensions]
  for (auto &x : array) { x += 23; }
               ^
conftest.cpp:160:17: error: expected expression
  assert (eval ([](int x) { return x*2; }, 21) == 42);
                ^
conftest.cpp:162:17: error: expected expression
  assert (eval ([&](double x) { return d += x; }, 3.0) == 5.0);
                ^
conftest.cpp:164:17: error: expected expression
  assert (eval ([=](double x) mutable { return d += x; }, 4.0) == 9.0);
                ^
conftest.cpp:170:3: warning: 'auto' type specifier is a C++11 extension [-Wc++11-extensions]
  auto a = sum(1);
  ^
conftest.cpp:170:12: error: no matching function for call to 'sum'
  auto a = sum(1);
           ^~~
conftest.cpp:171:3: warning: 'auto' type specifier is a C++11 extension [-Wc++11-extensions]
  auto b = sum(1, 2);
  ^
conftest.cpp:171:12: error: no matching function for call to 'sum'
  auto b = sum(1, 2);
           ^~~
conftest.cpp:172:3: warning: 'auto' type specifier is a C++11 extension [-Wc++11-extensions]
  auto c = sum(1.0, 2.0, 3.0);
  ^
conftest.cpp:172:12: error: no matching function for call to 'sum'
  auto c = sum(1.0, 2.0, 3.0);
           ^~~
conftest.cpp:177:25: warning: empty parentheses interpreted as a function declaration [-Wvexing-parse]
  cxx11test::delegate d2();
                        ^~
conftest.cpp:177:25: note: remove parentheses to declare a variable
  cxx11test::delegate d2();
                        ^~
conftest.cpp:190:16: error: found '<::' after a template name which forms the digraph '<:' (aka '[') and a ':', did you mean '< ::'?
  test_template<::test_template<int>> v(test_template<int>(12));
               ^~~
               < ::
conftest.cpp:190:36: error: a space is required between consecutive right angle brackets (use '> >')
  test_template<::test_template<int>> v(test_template<int>(12));
                                   ^~
                                   > >
conftest.cpp:194:22: error: use of undeclared identifier 'u8'
  char const *utf8 = u8"UTF-8 string \u2500";
                     ^
conftest.cpp:194:24: error: expected ';' at end of declaration
  char const *utf8 = u8"UTF-8 string \u2500";
                       ^
                       ;
fatal error: too many errors emitted, stopping now [-ferror-limit=]
18 warnings and 20 errors generated.
configure:5572: $? = 1
configure: failed program was:
| /* confdefs.h */
| #define PACKAGE_NAME "libffi"
| #define PACKAGE_TARNAME "libffi"
| #define PACKAGE_VERSION "3.4.4"
| #define PACKAGE_STRING "libffi 3.4.4"
| #define PACKAGE_BUGREPORT "http://github.com/libffi/libffi/issues"
| #define PACKAGE_URL ""
| #define PACKAGE "libffi"
| #define VERSION "3.4.4"
| /* end confdefs.h.  */
| 
| // Does the compiler advertise C++98 conformance?
| #if !defined __cplusplus || __cplusplus < 199711L
| # error "Compiler does not advertise C++98 conformance"
| #endif
| 
| // These inclusions are to reject old compilers that
| // lack the unsuffixed header files.
| #include <cstdlib>
| #include <exception>
| 
| // <cassert> and <cstring> are *not* freestanding headers in C++98.
| extern void assert (int);
| namespace std {
|   extern int strcmp (const char *, const char *);
| }
| 
| // Namespaces, exceptions, and templates were all added after "C++ 2.0".
| using std::exception;
| using std::strcmp;
| 
| namespace {
| 
| void test_exception_syntax()
| {
|   try {
|     throw "test";
|   } catch (const char *s) {
|     // Extra parentheses suppress a warning when building autoconf itself,
|     // due to lint rules shared with more typical C programs.
|     assert (!(strcmp) (s, "test"));
|   }
| }
| 
| template <typename T> struct test_template
| {
|   T const val;
|   explicit test_template(T t) : val(t) {}
|   template <typename U> T add(U u) { return static_cast<T>(u) + val; }
| };
| 
| } // anonymous namespace
| 
| 
| // Does the compiler advertise C++ 2011 conformance?
| #if !defined __cplusplus || __cplusplus < 201103L
| # error "Compiler does not advertise C++11 conformance"
| #endif
| 
| namespace cxx11test
| {
|   constexpr int get_val() { return 20; }
| 
|   struct testinit
|   {
|     int i;
|     double d;
|   };
| 
|   class delegate
|   {
|   public:
|     delegate(int n) : n(n) {}
|     delegate(): delegate(2354) {}
| 
|     virtual int getval() { return this->n; };
|   protected:
|     int n;
|   };
| 
|   class overridden : public delegate
|   {
|   public:
|     overridden(int n): delegate(n) {}
|     virtual int getval() override final { return this->n * 2; }
|   };
| 
|   class nocopy
|   {
|   public:
|     nocopy(int i): i(i) {}
|     nocopy() = default;
|     nocopy(const nocopy&) = delete;
|     nocopy & operator=(const nocopy&) = delete;
|   private:
|     int i;
|   };
| 
|   // for testing lambda expressions
|   template <typename Ret, typename Fn> Ret eval(Fn f, Ret v)
|   {
|     return f(v);
|   }
| 
|   // for testing variadic templates and trailing return types
|   template <typename V> auto sum(V first) -> V
|   {
|     return first;
|   }
|   template <typename V, typename... Args> auto sum(V first, Args... rest) -> V
|   {
|     return first + sum(rest...);
|   }
| }
| 
| 
| int
| main (int argc, char **argv)
| {
|   int ok = 0;
|   
|   assert (argc);
|   assert (! argv[0]);
| {
|   test_exception_syntax ();
|   test_template<double> tt (2.0);
|   assert (tt.add (4) == 6.0);
|   assert (true && !false);
| }
| 
|   
| {
|   // Test auto and decltype
|   auto a1 = 6538;
|   auto a2 = 48573953.4;
|   auto a3 = "String literal";
| 
|   int total = 0;
|   for (auto i = a3; *i; ++i) { total += *i; }
| 
|   decltype(a2) a4 = 34895.034;
| }
| {
|   // Test constexpr
|   short sa[cxx11test::get_val()] = { 0 };
| }
| {
|   // Test initializer lists
|   cxx11test::testinit il = { 4323, 435234.23544 };
| }
| {
|   // Test range-based for
|   int array[] = {9, 7, 13, 15, 4, 18, 12, 10, 5, 3,
|                  14, 19, 17, 8, 6, 20, 16, 2, 11, 1};
|   for (auto &x : array) { x += 23; }
| }
| {
|   // Test lambda expressions
|   using cxx11test::eval;
|   assert (eval ([](int x) { return x*2; }, 21) == 42);
|   double d = 2.0;
|   assert (eval ([&](double x) { return d += x; }, 3.0) == 5.0);
|   assert (d == 5.0);
|   assert (eval ([=](double x) mutable { return d += x; }, 4.0) == 9.0);
|   assert (d == 5.0);
| }
| {
|   // Test use of variadic templates
|   using cxx11test::sum;
|   auto a = sum(1);
|   auto b = sum(1, 2);
|   auto c = sum(1.0, 2.0, 3.0);
| }
| {
|   // Test constructor delegation
|   cxx11test::delegate d1;
|   cxx11test::delegate d2();
|   cxx11test::delegate d3(45);
| }
| {
|   // Test override and final
|   cxx11test::overridden o1(55464);
| }
| {
|   // Test nullptr
|   char *c = nullptr;
| }
| {
|   // Test template brackets
|   test_template<::test_template<int>> v(test_template<int>(12));
| }
| {
|   // Unicode literals
|   char const *utf8 = u8"UTF-8 string \u2500";
|   char16_t const *utf16 = u"UTF-8 string \u2500";
|   char32_t const *utf32 = U"UTF-32 string \u2500";
| }
| 
|   return ok;
| }
| 
configure:5590: result: none needed
configure:5656: checking dependency style of g++
configure:5768: result: none
configure:5798: checking dependency style of gcc
configure:5908: result: none
configure:5924: checking for grep that handles long lines and -e
configure:5988: result: /usr/bin/grep
configure:5993: checking for egrep
configure:6061: result: /usr/bin/grep -E
configure:6113: checking how to print strings
configure:6140: result: printf
configure:6161: checking for a sed that does not truncate output
configure:6231: result: /opt/homebrew/bin/gsed
configure:6249: checking for fgrep
configure:6317: result: /usr/bin/grep -F
configure:6353: checking for ld used by gcc
configure:6421: result: ld
configure:6428: checking if the linker (ld) is GNU ld
configure:6444: result: no
configure:6456: checking for BSD- or MS-compatible name lister (nm)
configure:6511: result: no
configure:6525: checking for aarch64-apple-darwin22-dumpbin
configure:6560: result: no
configure:6525: checking for aarch64-apple-darwin22-link
configure:6560: result: no
configure:6574: checking for dumpbin
configure:6609: result: no
configure:6574: checking for link
configure:6595: found /bin/link
configure:6606: result: link -dump
configure:6651: checking the name lister (nm) interface
configure:6659: gcc -c   conftest.c >&5
configure:6662: nm "conftest.o"
configure:6665: output
0000000000000000 S _some_variable
0000000000000000 t ltmp0
0000000000000000 s ltmp1
configure:6672: result: BSD nm
configure:6675: checking whether ln -s works
configure:6679: result: yes
configure:6687: checking the maximum length of command line arguments
configure:6819: result: 786432
configure:6867: checking how to convert aarch64-apple-darwin23.2.0 file names to aarch64-apple-darwin22 format
configure:6908: result: func_convert_file_noop
configure:6915: checking how to convert aarch64-apple-darwin23.2.0 file names to toolchain format
configure:6936: result: func_convert_file_noop
configure:6943: checking for ld option to reload object files
configure:6951: result: -r
configure:6985: checking for aarch64-apple-darwin22-file
configure:7020: result: no
configure:7030: checking for file
configure:7051: found /usr/bin/file
configure:7062: result: file
configure:7093: checking for aarch64-apple-darwin22-objdump
configure:7128: result: no
configure:7138: checking for objdump
configure:7159: found /usr/bin/objdump
configure:7170: result: objdump
configure:7202: checking how to recognize dependent libraries
configure:7403: result: pass_all
configure:7448: checking for aarch64-apple-darwin22-dlltool
configure:7483: result: no
configure:7493: checking for dlltool
configure:7528: result: no
configure:7558: checking how to associate runtime and link libraries
configure:7586: result: printf %s\n
configure:7603: checking for aarch64-apple-darwin22-ar
configure:7638: result: no
configure:7652: checking for ar
configure:7673: found /usr/bin/ar
configure:7684: result: ar
configure:7737: checking for archiver @FILE support
configure:7755: gcc -c   conftest.c >&5
configure:7755: $? = 0
configure:7759: ar cr libconftest.a @conftest.lst >&5
ar: @conftest.lst: No such file or directory
configure:7762: $? = 1
configure:7782: result: no
configure:7800: checking for aarch64-apple-darwin22-strip
configure:7832: result: strip
configure:7909: checking for aarch64-apple-darwin22-ranlib
configure:7944: result: no
configure:7954: checking for ranlib
configure:7975: found /usr/bin/ranlib
configure:7986: result: ranlib
configure:8088: checking command to parse nm output from gcc object
configure:8242: gcc -c   conftest.c >&5
configure:8245: $? = 0
configure:8249: nm conftest.o | /opt/homebrew/bin/gsed -n -e 's/^.*[	 ]\([ABCDGIRSTW][ABCDGIRSTW]*\)[	 ][	 ]*\([_A-Za-z][_A-Za-z0-9]*\)$/\1 \2 \2/p' | /opt/homebrew/bin/gsed '/ __gnu_lto/d' > conftest.nm
cannot find nm_test_var in conftest.nm
configure:8242: gcc -c   conftest.c >&5
configure:8245: $? = 0
configure:8249: nm conftest.o | /opt/homebrew/bin/gsed -n -e 's/^.*[	 ]\([ABCDGIRSTW][ABCDGIRSTW]*\)[	 ][	 ]*_\([_A-Za-z][_A-Za-z0-9]*\)$/\1 _\2 \2/p' | /opt/homebrew/bin/gsed '/ __gnu_lto/d' > conftest.nm
configure:8315: gcc -o conftest    conftest.c conftstm.o >&5
configure:8318: $? = 0
configure:8356: result: ok
configure:8403: checking for sysroot
configure:8434: result: no
configure:8441: checking for a working dd
configure:8485: result: /bin/dd
configure:8489: checking how to truncate binary pipes
configure:8505: result: /bin/dd bs=4096 count=1
configure:8797: checking for aarch64-apple-darwin22-mt
configure:8832: result: no
configure:8842: checking for mt
configure:8877: result: no
configure:8897: checking if : is a manifest tool
configure:8904: : '-?'
configure:8912: result: no
configure:8928: checking for aarch64-apple-darwin22-dsymutil
configure:8963: result: no
configure:8973: checking for dsymutil
configure:8994: found /usr/bin/dsymutil
configure:9005: result: dsymutil
configure:9030: checking for aarch64-apple-darwin22-nmedit
configure:9065: result: no
configure:9075: checking for nmedit
configure:9096: found /usr/bin/nmedit
configure:9107: result: nmedit
configure:9132: checking for aarch64-apple-darwin22-lipo
configure:9167: result: no
configure:9177: checking for lipo
configure:9198: found /usr/bin/lipo
configure:9209: result: lipo
configure:9234: checking for aarch64-apple-darwin22-otool
configure:9269: result: no
configure:9279: checking for otool
configure:9300: found /usr/bin/otool
configure:9311: result: otool
configure:9336: checking for aarch64-apple-darwin22-otool64
configure:9371: result: no
configure:9381: checking for otool64
configure:9416: result: no
configure:9461: checking for -single_module linker flag
gcc   -o libconftest.dylib -dynamiclib -Wl,-single_module conftest.c
ld: warning: -single_module is obsolete
configure:9495: result: no
configure:9498: checking for -exported_symbols_list linker flag
configure:9519: gcc -o conftest    -Wl,-exported_symbols_list,conftest.sym conftest.c  >&5
configure:9519: $? = 0
configure:9530: result: yes
configure:9533: checking for -force_load linker flag
gcc  -c -o conftest.o conftest.c
ar cr libconftest.a conftest.o
ranlib libconftest.a
gcc   -o conftest conftest.c -Wl,-force_load,./libconftest.a
configure:9566: result: yes
configure:9637: checking for stdio.h
configure:9637: gcc -c   conftest.c >&5
configure:9637: $? = 0
configure:9637: result: yes
configure:9637: checking for stdlib.h
configure:9637: gcc -c   conftest.c >&5
configure:9637: $? = 0
configure:9637: result: yes
configure:9637: checking for string.h
configure:9637: gcc -c   conftest.c >&5
configure:9637: $? = 0
configure:9637: result: yes
configure:9637: checking for inttypes.h
configure:9637: gcc -c   conftest.c >&5
configure:9637: $? = 0
configure:9637: result: yes
configure:9637: checking for stdint.h
configure:9637: gcc -c   conftest.c >&5
configure:9637: $? = 0
configure:9637: result: yes
configure:9637: checking for strings.h
configure:9637: gcc -c   conftest.c >&5
configure:9637: $? = 0
configure:9637: result: yes
configure:9637: checking for sys/stat.h
configure:9637: gcc -c   conftest.c >&5
configure:9637: $? = 0
configure:9637: result: yes
configure:9637: checking for sys/types.h
configure:9637: gcc -c   conftest.c >&5
configure:9637: $? = 0
configure:9637: result: yes
configure:9637: checking for unistd.h
configure:9637: gcc -c   conftest.c >&5
configure:9637: $? = 0
configure:9637: result: yes
configure:9662: checking for dlfcn.h
configure:9662: gcc -c   conftest.c >&5
configure:9662: $? = 0
configure:9662: result: yes
configure:9932: checking for objdir
configure:9948: result: .libs
configure:10212: checking if gcc supports -fno-rtti -fno-exceptions
configure:10231: gcc -c   -fno-rtti -fno-exceptions conftest.c >&5
configure:10235: $? = 0
configure:10248: result: yes
configure:10612: checking for gcc option to produce PIC
configure:10620: result: -fno-common -DPIC
configure:10628: checking if gcc PIC flag -fno-common -DPIC works
configure:10647: gcc -c   -fno-common -DPIC -DPIC conftest.c >&5
configure:10651: $? = 0
configure:10664: result: yes
configure:10693: checking if gcc static flag -static works
configure:10722: result: no
configure:10737: checking if gcc supports -c -o file.o
configure:10759: gcc -c   -o out/conftest2.o conftest.c >&5
configure:10763: $? = 0
configure:10785: result: yes
configure:10793: checking if gcc supports -c -o file.o
configure:10841: result: yes
configure:10874: checking whether the gcc linker (ld) supports shared libraries
configure:12148: result: yes
configure:12389: checking dynamic linker characteristics
configure:13222: result: darwin22 dyld
configure:13344: checking how to hardcode library paths into programs
configure:13369: result: immediate
configure:13921: checking whether stripping libraries is possible
configure:13938: result: yes
configure:13972: checking if libtool supports shared libraries
configure:13974: result: yes
configure:13977: checking whether to build shared libraries
configure:14002: result: no
configure:14005: checking whether to build static libraries
configure:14009: result: yes
configure:14032: checking how to run the C++ preprocessor
configure:14054: g++ -E  conftest.cpp
configure:14054: $? = 0
configure:14069: g++ -E  conftest.cpp
conftest.cpp:23:10: fatal error: 'ac_nonexistent.h' file not found
#include <ac_nonexistent.h>
         ^~~~~~~~~~~~~~~~~~
1 error generated.
configure:14069: $? = 1
configure: failed program was:
| /* confdefs.h */
| #define PACKAGE_NAME "libffi"
| #define PACKAGE_TARNAME "libffi"
| #define PACKAGE_VERSION "3.4.4"
| #define PACKAGE_STRING "libffi 3.4.4"
| #define PACKAGE_BUGREPORT "http://github.com/libffi/libffi/issues"
| #define PACKAGE_URL ""
| #define PACKAGE "libffi"
| #define VERSION "3.4.4"
| #define HAVE_STDIO_H 1
| #define HAVE_STDLIB_H 1
| #define HAVE_STRING_H 1
| #define HAVE_INTTYPES_H 1
| #define HAVE_STDINT_H 1
| #define HAVE_STRINGS_H 1
| #define HAVE_SYS_STAT_H 1
| #define HAVE_SYS_TYPES_H 1
| #define HAVE_UNISTD_H 1
| #define STDC_HEADERS 1
| #define HAVE_DLFCN_H 1
| #define LT_OBJDIR ".libs/"
| /* end confdefs.h.  */
| #include <ac_nonexistent.h>
configure:14096: result: g++ -E
configure:14110: g++ -E  conftest.cpp
configure:14110: $? = 0
configure:14125: g++ -E  conftest.cpp
conftest.cpp:23:10: fatal error: 'ac_nonexistent.h' file not found
#include <ac_nonexistent.h>
         ^~~~~~~~~~~~~~~~~~
1 error generated.
configure:14125: $? = 1
configure: failed program was:
| /* confdefs.h */
| #define PACKAGE_NAME "libffi"
| #define PACKAGE_TARNAME "libffi"
| #define PACKAGE_VERSION "3.4.4"
| #define PACKAGE_STRING "libffi 3.4.4"
| #define PACKAGE_BUGREPORT "http://github.com/libffi/libffi/issues"
| #define PACKAGE_URL ""
| #define PACKAGE "libffi"
| #define VERSION "3.4.4"
| #define HAVE_STDIO_H 1
| #define HAVE_STDLIB_H 1
| #define HAVE_STRING_H 1
| #define HAVE_INTTYPES_H 1
| #define HAVE_STDINT_H 1
| #define HAVE_STRINGS_H 1
| #define HAVE_SYS_STAT_H 1
| #define HAVE_SYS_TYPES_H 1
| #define HAVE_UNISTD_H 1
| #define STDC_HEADERS 1
| #define HAVE_DLFCN_H 1
| #define LT_OBJDIR ".libs/"
| /* end confdefs.h.  */
| #include <ac_nonexistent.h>
configure:14290: checking for ld used by g++
configure:14358: result: ld
configure:14365: checking if the linker (ld) is GNU ld
configure:14381: result: no
configure:14436: checking whether the g++ linker (ld) supports shared libraries
configure:15514: result: yes
configure:15550: g++ -c -g -O2  conftest.cpp >&5
configure:15553: $? = 0
configure:16034: checking for g++ option to produce PIC
configure:16042: result: -fno-common -DPIC
configure:16050: checking if g++ PIC flag -fno-common -DPIC works
configure:16069: g++ -c -g -O2  -fno-common -DPIC -DPIC conftest.cpp >&5
configure:16073: $? = 0
configure:16086: result: yes
configure:16109: checking if g++ static flag -static works
configure:16138: result: no
configure:16150: checking if g++ supports -c -o file.o
configure:16172: g++ -c -g -O2  -o out/conftest2.o conftest.cpp >&5
configure:16176: $? = 0
configure:16198: result: yes
configure:16203: checking if g++ supports -c -o file.o
configure:16251: result: yes
configure:16281: checking whether the g++ linker (ld) supports shared libraries
configure:16324: result: yes
configure:16466: checking dynamic linker characteristics
configure:17226: result: darwin22 dyld
configure:17291: checking how to hardcode library paths into programs
configure:17316: result: immediate
configure:17382: checking for aarch64-apple-darwin22-readelf
configure:17417: result: no
configure:17427: checking for readelf
configure:17462: result: no
configure:17487: checking size of size_t
configure:17493: gcc -o conftest    conftest.c  >&5
configure:17493: $? = 0
configure:17493: ./conftest
configure:17493: $? = 0
configure:17508: result: 8
configure:17517: checking for C compiler vendor
configure:17576: gcc -c   conftest.c >&5
conftest.c:30:7: error: use of undeclared identifier 'thisisanerror'
      thisisanerror;
      ^
1 error generated.
configure:17576: $? = 1
configure: failed program was:
| /* confdefs.h */
| #define PACKAGE_NAME "libffi"
| #define PACKAGE_TARNAME "libffi"
| #define PACKAGE_VERSION "3.4.4"
| #define PACKAGE_STRING "libffi 3.4.4"
| #define PACKAGE_BUGREPORT "http://github.com/libffi/libffi/issues"
| #define PACKAGE_URL ""
| #define PACKAGE "libffi"
| #define VERSION "3.4.4"
| #define HAVE_STDIO_H 1
| #define HAVE_STDLIB_H 1
| #define HAVE_STRING_H 1
| #define HAVE_INTTYPES_H 1
| #define HAVE_STDINT_H 1
| #define HAVE_STRINGS_H 1
| #define HAVE_SYS_STAT_H 1
| #define HAVE_SYS_TYPES_H 1
| #define HAVE_UNISTD_H 1
| #define STDC_HEADERS 1
| #define HAVE_DLFCN_H 1
| #define LT_OBJDIR ".libs/"
| #define SIZEOF_SIZE_T 8
| /* end confdefs.h.  */
| 
| int
| main (void)
| {
| 
| #if !(defined(__ICC) || defined(__ECC) || defined(__INTEL_COMPILER))
|       thisisanerror;
| #endif
| 
|   ;
|   return 0;
| }
configure:17576: gcc -c   conftest.c >&5
conftest.c:30:7: error: use of undeclared identifier 'thisisanerror'
      thisisanerror;
      ^
1 error generated.
configure:17576: $? = 1
configure: failed program was:
| /* confdefs.h */
| #define PACKAGE_NAME "libffi"
| #define PACKAGE_TARNAME "libffi"
| #define PACKAGE_VERSION "3.4.4"
| #define PACKAGE_STRING "libffi 3.4.4"
| #define PACKAGE_BUGREPORT "http://github.com/libffi/libffi/issues"
| #define PACKAGE_URL ""
| #define PACKAGE "libffi"
| #define VERSION "3.4.4"
| #define HAVE_STDIO_H 1
| #define HAVE_STDLIB_H 1
| #define HAVE_STRING_H 1
| #define HAVE_INTTYPES_H 1
| #define HAVE_STDINT_H 1
| #define HAVE_STRINGS_H 1
| #define HAVE_SYS_STAT_H 1
| #define HAVE_SYS_TYPES_H 1
| #define HAVE_UNISTD_H 1
| #define STDC_HEADERS 1
| #define HAVE_DLFCN_H 1
| #define LT_OBJDIR ".libs/"
| #define SIZEOF_SIZE_T 8
| /* end confdefs.h.  */
| 
| int
| main (void)
| {
| 
| #if !(defined(__xlc__) || defined(__xlC__) || defined(__IBMC__) || defined(__IBMCPP__) || defined(__ibmxl__))
|       thisisanerror;
| #endif
| 
|   ;
|   return 0;
| }
configure:17576: gcc -c   conftest.c >&5
conftest.c:30:7: error: use of undeclared identifier 'thisisanerror'
      thisisanerror;
      ^
1 error generated.
configure:17576: $? = 1
configure: failed program was:
| /* confdefs.h */
| #define PACKAGE_NAME "libffi"
| #define PACKAGE_TARNAME "libffi"
| #define PACKAGE_VERSION "3.4.4"
| #define PACKAGE_STRING "libffi 3.4.4"
| #define PACKAGE_BUGREPORT "http://github.com/libffi/libffi/issues"
| #define PACKAGE_URL ""
| #define PACKAGE "libffi"
| #define VERSION "3.4.4"
| #define HAVE_STDIO_H 1
| #define HAVE_STDLIB_H 1
| #define HAVE_STRING_H 1
| #define HAVE_INTTYPES_H 1
| #define HAVE_STDINT_H 1
| #define HAVE_STRINGS_H 1
| #define HAVE_SYS_STAT_H 1
| #define HAVE_SYS_TYPES_H 1
| #define HAVE_UNISTD_H 1
| #define STDC_HEADERS 1
| #define HAVE_DLFCN_H 1
| #define LT_OBJDIR ".libs/"
| #define SIZEOF_SIZE_T 8
| /* end confdefs.h.  */
| 
| int
| main (void)
| {
| 
| #if !(defined(__PATHCC__) || defined(__PATHSCALE__))
|       thisisanerror;
| #endif
| 
|   ;
|   return 0;
| }
configure:17576: gcc -c   conftest.c >&5
configure:17576: $? = 0
configure:17586: result: clang
configure:18477: checking CFLAGS for most reasonable warnings
configure:18564: : CFLAGS="$CFLAGS"
configure:18567: $? = 0
configure:18590: result: -Wall
configure:18613: checking whether to enable maintainer-specific portions of Makefiles
configure:18623: result: no
configure:18637: checking for sys/memfd.h
configure:18637: gcc -c -Wall  -fexceptions  conftest.c >&5
conftest.c:52:10: fatal error: 'sys/memfd.h' file not found
#include <sys/memfd.h>
         ^~~~~~~~~~~~~
1 error generated.
configure:18637: $? = 1
configure: failed program was:
| /* confdefs.h */
| #define PACKAGE_NAME "libffi"
| #define PACKAGE_TARNAME "libffi"
| #define PACKAGE_VERSION "3.4.4"
| #define PACKAGE_STRING "libffi 3.4.4"
| #define PACKAGE_BUGREPORT "http://github.com/libffi/libffi/issues"
| #define PACKAGE_URL ""
| #define PACKAGE "libffi"
| #define VERSION "3.4.4"
| #define HAVE_STDIO_H 1
| #define HAVE_STDLIB_H 1
| #define HAVE_STRING_H 1
| #define HAVE_INTTYPES_H 1
| #define HAVE_STDINT_H 1
| #define HAVE_STRINGS_H 1
| #define HAVE_SYS_STAT_H 1
| #define HAVE_SYS_TYPES_H 1
| #define HAVE_UNISTD_H 1
| #define STDC_HEADERS 1
| #define HAVE_DLFCN_H 1
| #define LT_OBJDIR ".libs/"
| #define SIZEOF_SIZE_T 8
| /* end confdefs.h.  */
| #include <stddef.h>
| #ifdef HAVE_STDIO_H
| # include <stdio.h>
| #endif
| #ifdef HAVE_STDLIB_H
| # include <stdlib.h>
| #endif
| #ifdef HAVE_STRING_H
| # include <string.h>
| #endif
| #ifdef HAVE_INTTYPES_H
| # include <inttypes.h>
| #endif
| #ifdef HAVE_STDINT_H
| # include <stdint.h>
| #endif
| #ifdef HAVE_STRINGS_H
| # include <strings.h>
| #endif
| #ifdef HAVE_SYS_TYPES_H
| # include <sys/types.h>
| #endif
| #ifdef HAVE_SYS_STAT_H
| # include <sys/stat.h>
| #endif
| #ifdef HAVE_UNISTD_H
| # include <unistd.h>
| #endif
| #include <sys/memfd.h>
configure:18637: result: no
configure:18644: checking for memfd_create
configure:18644: gcc -o conftest -Wall  -fexceptions   conftest.c  >&5
ld: Undefined symbols:
  _memfd_create, referenced from:
      _main in conftest-9a8a43.o
clang: error: linker command failed with exit code 1 (use -v to see invocation)
configure:18644: $? = 1
configure: failed program was:
| /* confdefs.h */
| #define PACKAGE_NAME "libffi"
| #define PACKAGE_TARNAME "libffi"
| #define PACKAGE_VERSION "3.4.4"
| #define PACKAGE_STRING "libffi 3.4.4"
| #define PACKAGE_BUGREPORT "http://github.com/libffi/libffi/issues"
| #define PACKAGE_URL ""
| #define PACKAGE "libffi"
| #define VERSION "3.4.4"
| #define HAVE_STDIO_H 1
| #define HAVE_STDLIB_H 1
| #define HAVE_STRING_H 1
| #define HAVE_INTTYPES_H 1
| #define HAVE_STDINT_H 1
| #define HAVE_STRINGS_H 1
| #define HAVE_SYS_STAT_H 1
| #define HAVE_SYS_TYPES_H 1
| #define HAVE_UNISTD_H 1
| #define STDC_HEADERS 1
| #define HAVE_DLFCN_H 1
| #define LT_OBJDIR ".libs/"
| #define SIZEOF_SIZE_T 8
| /* end confdefs.h.  */
| /* Define memfd_create to an innocuous variant, in case <limits.h> declares memfd_create.
|    For example, HP-UX 11i <limits.h> declares gettimeofday.  */
| #define memfd_create innocuous_memfd_create
| 
| /* System header to define __stub macros and hopefully few prototypes,
|    which can conflict with char memfd_create (); below.  */
| 
| #include <limits.h>
| #undef memfd_create
| 
| /* Override any GCC internal prototype to avoid an error.
|    Use char because int might match the return type of a GCC
|    builtin and then its argument prototype would still apply.  */
| #ifdef __cplusplus
| extern "C"
| #endif
| char memfd_create ();
| /* The GNU C library defines this for functions which it implements
|     to always fail with ENOSYS.  Some functions are actually named
|     something starting with __ and the normal name is an alias.  */
| #if defined __stub_memfd_create || defined __stub___memfd_create
| choke me
| #endif
| 
| int
| main (void)
| {
| return memfd_create ();
|   ;
|   return 0;
| }
configure:18644: result: no
configure:18676: checking for egrep
configure:18744: result: /usr/bin/grep -E
configure:18750: checking for memcpy
configure:18750: gcc -o conftest -Wall  -fexceptions   conftest.c  >&5
conftest.c:40:6: warning: incompatible redeclaration of library function 'memcpy' [-Wincompatible-library-redeclaration]
char memcpy ();
     ^
conftest.c:40:6: note: 'memcpy' is a builtin with type 'void *(void *, const void *, unsigned long)'
1 warning generated.
configure:18750: $? = 0
configure:18750: result: yes
configure:18757: checking for alloca.h
configure:18757: gcc -c -Wall  -fexceptions  conftest.c >&5
configure:18757: $? = 0
configure:18757: result: yes
configure:18769: checking size of double
configure:18775: gcc -o conftest -Wall  -fexceptions   conftest.c  >&5
configure:18775: $? = 0
configure:18775: ./conftest
configure:18775: $? = 0
configure:18790: result: 8
configure:18802: checking size of long double
configure:18808: gcc -o conftest -Wall  -fexceptions   conftest.c  >&5
configure:18808: $? = 0
configure:18808: ./conftest
configure:18808: $? = 0
configure:18823: result: 8
configure:18854: checking whether byte ordering is bigendian
configure:18870: gcc -c -Wall  -fexceptions  conftest.c >&5
configure:18870: $? = 0
configure:18916: gcc -c -Wall  -fexceptions  conftest.c >&5
configure:18916: $? = 0
configure:18935: gcc -c -Wall  -fexceptions  conftest.c >&5
conftest.c:35:4: error: use of undeclared identifier 'not'
                 not big endian
                 ^
1 error generated.
configure:18935: $? = 1
configure: failed program was:
| /* confdefs.h */
| #define PACKAGE_NAME "libffi"
| #define PACKAGE_TARNAME "libffi"
| #define PACKAGE_VERSION "3.4.4"
| #define PACKAGE_STRING "libffi 3.4.4"
| #define PACKAGE_BUGREPORT "http://github.com/libffi/libffi/issues"
| #define PACKAGE_URL ""
| #define PACKAGE "libffi"
| #define VERSION "3.4.4"
| #define HAVE_STDIO_H 1
| #define HAVE_STDLIB_H 1
| #define HAVE_STRING_H 1
| #define HAVE_INTTYPES_H 1
| #define HAVE_STDINT_H 1
| #define HAVE_STRINGS_H 1
| #define HAVE_SYS_STAT_H 1
| #define HAVE_SYS_TYPES_H 1
| #define HAVE_UNISTD_H 1
| #define STDC_HEADERS 1
| #define HAVE_DLFCN_H 1
| #define LT_OBJDIR ".libs/"
| #define SIZEOF_SIZE_T 8
| #define HAVE_MEMCPY 1
| #define HAVE_ALLOCA_H 1
| #define SIZEOF_DOUBLE 8
| #define SIZEOF_LONG_DOUBLE 8
| /* end confdefs.h.  */
| #include <sys/types.h>
| 		#include <sys/param.h>
| 
| int
| main (void)
| {
| #if BYTE_ORDER != BIG_ENDIAN
| 		 not big endian
| 		#endif
| 
|   ;
|   return 0;
| }
configure:19069: result: no
configure:19088: checking assembler .cfi pseudo-op support
configure:19107: gcc -c -Wall  -fexceptions  conftest.c >&5
configure:19107: $? = 0
configure:19116: result: yes
configure:19257: checking whether compiler supports pointer authentication
configure:19286: gcc -c -Wall  -fexceptions  conftest.c >&5
conftest.c:41:3: error: Pointer authentication not supported
# error Pointer authentication not supported
  ^
1 error generated.
configure:19286: $? = 1
configure: failed program was:
| /* confdefs.h */
| #define PACKAGE_NAME "libffi"
| #define PACKAGE_TARNAME "libffi"
| #define PACKAGE_VERSION "3.4.4"
| #define PACKAGE_STRING "libffi 3.4.4"
| #define PACKAGE_BUGREPORT "http://github.com/libffi/libffi/issues"
| #define PACKAGE_URL ""
| #define PACKAGE "libffi"
| #define VERSION "3.4.4"
| #define HAVE_STDIO_H 1
| #define HAVE_STDLIB_H 1
| #define HAVE_STRING_H 1
| #define HAVE_INTTYPES_H 1
| #define HAVE_STDINT_H 1
| #define HAVE_STRINGS_H 1
| #define HAVE_SYS_STAT_H 1
| #define HAVE_SYS_TYPES_H 1
| #define HAVE_UNISTD_H 1
| #define STDC_HEADERS 1
| #define HAVE_DLFCN_H 1
| #define LT_OBJDIR ".libs/"
| #define SIZEOF_SIZE_T 8
| #define HAVE_MEMCPY 1
| #define HAVE_ALLOCA_H 1
| #define SIZEOF_DOUBLE 8
| #define SIZEOF_LONG_DOUBLE 8
| #define HAVE_AS_CFI_PSEUDO_OP 1
| /* end confdefs.h.  */
| 
| int
| main (void)
| {
| 
| #ifdef __clang__
| # if __has_feature(ptrauth_calls)
| #  define HAVE_PTRAUTH 1
| # endif
| #endif
| 
| #ifndef HAVE_PTRAUTH
| # error Pointer authentication not supported
| #endif
| 
|   ;
|   return 0;
| }
configure:19295: result: no
configure:19321: checking for _ prefix in compiled symbols
configure:19332: gcc -c -Wall  -fexceptions  conftest.c >&5
conftest.c:2:12: warning: expression result unused [-Wunused-value]
int main(){nm_test_func;return 0;}
           ^~~~~~~~~~~~
1 warning generated.
configure:19335: $? = 0
configure:19339: nm conftest.o \| /opt/homebrew/bin/gsed -n -e 's/^.*[	 ]\([ABCDGIRSTW][ABCDGIRSTW]*\)[	 ][	 ]*_\([_A-Za-z][_A-Za-z0-9]*\)$/\1 _\2 \2/p' | /opt/homebrew/bin/gsed '/ __gnu_lto/d' \> conftest.nm
configure:19342: $? = 0
configure:19364: result: yes
configure:19440: checking whether C compiler accepts -fno-lto
configure:19460: gcc -c -Wall  -fexceptions  -fno-lto  conftest.c >&5
configure:19460: $? = 0
configure:19469: result: yes
configure:19479: checking whether .eh_frame section should be read-only
configure:19496: result: yes
configure:19511: checking for __attribute__((visibility("hidden")))
configure:19521: gcc -Werror -S conftest.c -o conftest.s 1>&5
configure:19524: $? = 0
configure:19533: result: yes
configure:20011: versioning on shared library symbols is no
configure:20132: checking that generated files are newer than configure
configure:20138: result: done
configure:20206: creating ./config.status

## ---------------------- ##
## Running config.status. ##
## ---------------------- ##

This file was extended by libffi config.status 3.4.4, which was
generated by GNU Autoconf 2.71.  Invocation command line was

  CONFIG_FILES    = 
  CONFIG_HEADERS  = 
  CONFIG_LINKS    = 
  CONFIG_COMMANDS = 
  $ ./config.status 

on Kurays-Mac-Studio.local

config.status:1220: creating include/Makefile
config.status:1220: creating include/ffi.h
config.status:1220: creating Makefile
config.status:1220: creating testsuite/Makefile
config.status:1220: creating man/Makefile
config.status:1220: creating doc/Makefile
config.status:1220: creating libffi.pc
config.status:1220: creating fficonfig.h
config.status:1434: executing buildir commands
config.status:1447: skipping top_srcdir/Makefile - not created
config.status:1434: executing depfiles commands
config.status:1434: executing libtool commands
config.status:1434: executing include commands
config.status:1434: executing src commands

## ---------------- ##
## Cache variables. ##
## ---------------- ##

ac_cv_build=aarch64-apple-darwin23.2.0
ac_cv_c_bigendian=no
ac_cv_c_compiler_gnu=yes
ac_cv_cflags_warn_all=-Wall
ac_cv_cxx_compiler_gnu=yes
ac_cv_env_CCASFLAGS_set=
ac_cv_env_CCASFLAGS_value=
ac_cv_env_CCAS_set=
ac_cv_env_CCAS_value=
ac_cv_env_CPPFLAGS_set=
ac_cv_env_CPPFLAGS_value=
ac_cv_env_CXXCPP_set=
ac_cv_env_CXXCPP_value=
ac_cv_env_LT_SYS_LIBRARY_PATH_set=
ac_cv_env_LT_SYS_LIBRARY_PATH_value=
ac_cv_env_build_alias_set=
ac_cv_env_build_alias_value=
ac_cv_env_host_alias_set=set
ac_cv_env_host_alias_value=aarch64-apple-darwin22
ac_cv_env_target_alias_set=
ac_cv_env_target_alias_value=
ac_cv_func_memcpy=yes
ac_cv_func_memfd_create=no
ac_cv_header_alloca_h=yes
ac_cv_header_dlfcn_h=yes
ac_cv_header_inttypes_h=yes
ac_cv_header_stdint_h=yes
ac_cv_header_stdio_h=yes
ac_cv_header_stdlib_h=yes
ac_cv_header_string_h=yes
ac_cv_header_strings_h=yes
ac_cv_header_sys_memfd_h=no
ac_cv_header_sys_stat_h=yes
ac_cv_header_sys_types_h=yes
ac_cv_header_unistd_h=yes
ac_cv_host=aarch64-apple-darwin22
ac_cv_objext=o
ac_cv_path_EGREP='/usr/bin/grep -E'
ac_cv_path_FGREP='/usr/bin/grep -F'
ac_cv_path_GREP=/usr/bin/grep
ac_cv_path_SED=/opt/homebrew/bin/gsed
ac_cv_path_ax_enable_builddir_sed=/opt/homebrew/bin/gsed
ac_cv_path_install='/opt/homebrew/bin/ginstall -c'
ac_cv_path_lt_DD=/bin/dd
ac_cv_path_mkdir=/opt/homebrew/bin/gmkdir
ac_cv_prog_AWK=awk
ac_cv_prog_CC=gcc
ac_cv_prog_CXXCPP='g++ -E'
ac_cv_prog_STRIP=strip
ac_cv_prog_ac_ct_AR=ar
ac_cv_prog_ac_ct_CXX=g++
ac_cv_prog_ac_ct_DSYMUTIL=dsymutil
ac_cv_prog_ac_ct_DUMPBIN='link -dump'
ac_cv_prog_ac_ct_FILECMD=file
ac_cv_prog_ac_ct_LIPO=lipo
ac_cv_prog_ac_ct_NMEDIT=nmedit
ac_cv_prog_ac_ct_OBJDUMP=objdump
ac_cv_prog_ac_ct_OTOOL=otool
ac_cv_prog_ac_ct_RANLIB=ranlib
ac_cv_prog_ac_ct_STRIP=strip
ac_cv_prog_cc_c11=
ac_cv_prog_cc_g=yes
ac_cv_prog_cc_stdc=
ac_cv_prog_cxx_11=no
ac_cv_prog_cxx_g=yes
ac_cv_prog_cxx_stdcxx=
ac_cv_prog_make_make_set=yes
ac_cv_sizeof_double=8
ac_cv_sizeof_long_double=8
ac_cv_sizeof_size_t=8
ac_cv_target=aarch64-apple-darwin22
am_cv_CCAS_dependencies_compiler_type=none
am_cv_CC_dependencies_compiler_type=none
am_cv_CXX_dependencies_compiler_type=none
am_cv_make_support_nested_variables=yes
am_cv_prog_cc_c_o=yes
ax_cv_c_compiler_vendor=clang
ax_cv_check_cflags___fno_lto=yes
gcc_cv_as_cfi_pseudo_op=yes
libffi_cv_as_ptrauth=no
libffi_cv_hidden_visibility_attribute=yes
libffi_cv_no_lto=-fno-lto
libffi_cv_ro_eh_frame=yes
lt_cv_apple_cc_single_mod=no
lt_cv_ar_at_file=no
lt_cv_deplibs_check_method=pass_all
lt_cv_file_magic_cmd='$MAGIC_CMD'
lt_cv_file_magic_test_file=
lt_cv_ld_exported_symbols_list=yes
lt_cv_ld_force_load=yes
lt_cv_ld_reload_flag=-r
lt_cv_nm_interface='BSD nm'
lt_cv_objdir=.libs
lt_cv_path_LD=ld
lt_cv_path_LDCXX=ld
lt_cv_path_NM=no
lt_cv_path_mainfest_tool=no
lt_cv_prog_compiler_c_o=yes
lt_cv_prog_compiler_c_o_CXX=yes
lt_cv_prog_compiler_pic='-fno-common -DPIC'
lt_cv_prog_compiler_pic_CXX='-fno-common -DPIC'
lt_cv_prog_compiler_pic_works=yes
lt_cv_prog_compiler_pic_works_CXX=yes
lt_cv_prog_compiler_rtti_exceptions=yes
lt_cv_prog_compiler_static_works=no
lt_cv_prog_compiler_static_works_CXX=no
lt_cv_prog_gnu_ld=no
lt_cv_prog_gnu_ldcxx=no
lt_cv_sharedlib_from_linklib_cmd='printf %s\n'
lt_cv_sys_global_symbol_pipe='/opt/homebrew/bin/gsed -n -e '\''s/^.*[	 ]\([ABCDGIRSTW][ABCDGIRSTW]*\)[	 ][	 ]*_\([_A-Za-z][_A-Za-z0-9]*\)$/\1 _\2 \2/p'\'' | /opt/homebrew/bin/gsed '\''/ __gnu_lto/d'\'''
lt_cv_sys_global_symbol_to_c_name_address='/opt/homebrew/bin/gsed -n -e '\''s/^: \(.*\) .*$/  {"\1", (void *) 0},/p'\'' -e '\''s/^[ABCDGIRSTW][ABCDGIRSTW]* .* \(.*\)$/  {"\1", (void *) \&\1},/p'\'''
lt_cv_sys_global_symbol_to_c_name_address_lib_prefix='/opt/homebrew/bin/gsed -n -e '\''s/^: \(.*\) .*$/  {"\1", (void *) 0},/p'\'' -e '\''s/^[ABCDGIRSTW][ABCDGIRSTW]* .* \(lib.*\)$/  {"\1", (void *) \&\1},/p'\'' -e '\''s/^[ABCDGIRSTW][ABCDGIRSTW]* .* \(.*\)$/  {"lib\1", (void *) \&\1},/p'\'''
lt_cv_sys_global_symbol_to_cdecl='/opt/homebrew/bin/gsed -n -e '\''s/^T .* \(.*\)$/extern int \1();/p'\'' -e '\''s/^[ABCDGIRSTW][ABCDGIRSTW]* .* \(.*\)$/extern char \1;/p'\'''
lt_cv_sys_global_symbol_to_import=
lt_cv_sys_max_cmd_len=786432
lt_cv_sys_symbol_underscore=yes
lt_cv_to_host_file_cmd=func_convert_file_noop
lt_cv_to_tool_file_cmd=func_convert_file_noop
lt_cv_truncate_bin='/bin/dd bs=4096 count=1'

## ----------------- ##
## Output variables. ##
## ----------------- ##

ACLOCAL='${SHELL} '\''/Users/kuray/Coursion/OpenSource/react-native-typescript-boilerplate/rntypescriptBoilerplate/vendor/bundle/ruby/2.7.0/gems/ffi-1.16.3/ext/ffi_c/libffi/missing'\'' aclocal-1.16'
AMDEPBACKSLASH=''
AMDEP_FALSE=''
AMDEP_TRUE='#'
AMTAR='$${TAR-tar}'
AM_BACKSLASH='\'
AM_DEFAULT_V='$(AM_DEFAULT_VERBOSITY)'
AM_DEFAULT_VERBOSITY='1'
AM_LTLDFLAGS=''
AM_RUNTESTFLAGS=''
AM_V='$(V)'
AR='ar'
AUTOCONF='${SHELL} '\''/Users/kuray/Coursion/OpenSource/react-native-typescript-boilerplate/rntypescriptBoilerplate/vendor/bundle/ruby/2.7.0/gems/ffi-1.16.3/ext/ffi_c/libffi/missing'\'' autoconf'
AUTOHEADER='${SHELL} '\''/Users/kuray/Coursion/OpenSource/react-native-typescript-boilerplate/rntypescriptBoilerplate/vendor/bundle/ruby/2.7.0/gems/ffi-1.16.3/ext/ffi_c/libffi/missing'\'' autoheader'
AUTOMAKE='${SHELL} '\''/Users/kuray/Coursion/OpenSource/react-native-typescript-boilerplate/rntypescriptBoilerplate/vendor/bundle/ruby/2.7.0/gems/ffi-1.16.3/ext/ffi_c/libffi/missing'\'' automake-1.16'
AWK='awk'
BUILD_DOCS_FALSE=''
BUILD_DOCS_TRUE='#'
CC='gcc'
CCAS='gcc'
CCASDEPMODE='depmode=none'
CCASFLAGS=''
CCDEPMODE='depmode=none'
CFLAGS='-Wall  -fexceptions'
CPPFLAGS=''
CSCOPE='cscope'
CTAGS='ctags'
CXX='g++'
CXXCPP='g++ -E'
CXXDEPMODE='depmode=none'
CXXFLAGS='-g -O2'
CYGPATH_W='echo'
DEFS='-DHAVE_CONFIG_H'
DEPDIR='.deps'
DLLTOOL='false'
DSYMUTIL='dsymutil'
DUMPBIN=':'
ECHO_C='\c'
ECHO_N=''
ECHO_T=''
EGREP='/usr/bin/grep -E'
ETAGS='etags'
EXEEXT=''
FFI_DEBUG_FALSE=''
FFI_DEBUG_TRUE='#'
FFI_EXEC_TRAMPOLINE_TABLE='1'
FFI_EXEC_TRAMPOLINE_TABLE_FALSE='#'
FFI_EXEC_TRAMPOLINE_TABLE_TRUE=''
FGREP='/usr/bin/grep -F'
FILECMD='file'
GREP='/usr/bin/grep'
HAVE_LONG_DOUBLE='0'
HAVE_LONG_DOUBLE_VARIANT='0'
INSTALL_DATA='${INSTALL} -m 644'
INSTALL_PROGRAM='${INSTALL}'
INSTALL_SCRIPT='${INSTALL}'
INSTALL_STRIP_PROGRAM='$(install_sh) -c -s'
LD='ld'
LDFLAGS=''
LIBFFI_BUILD_VERSIONED_SHLIB_FALSE=''
LIBFFI_BUILD_VERSIONED_SHLIB_GNU_FALSE=''
LIBFFI_BUILD_VERSIONED_SHLIB_GNU_TRUE='#'
LIBFFI_BUILD_VERSIONED_SHLIB_SUN_FALSE=''
LIBFFI_BUILD_VERSIONED_SHLIB_SUN_TRUE='#'
LIBFFI_BUILD_VERSIONED_SHLIB_TRUE='#'
LIBOBJS=''
LIBS=''
LIBTOOL='$(SHELL) $(top_builddir)/libtool'
LIPO='lipo'
LN_S='ln -s'
LTLIBOBJS=''
LT_SYS_LIBRARY_PATH=''
MAINT='#'
MAINTAINER_MODE_FALSE=''
MAINTAINER_MODE_TRUE='#'
MAKEINFO='${SHELL} '\''/Users/kuray/Coursion/OpenSource/react-native-typescript-boilerplate/rntypescriptBoilerplate/vendor/bundle/ruby/2.7.0/gems/ffi-1.16.3/ext/ffi_c/libffi/missing'\'' makeinfo'
MANIFEST_TOOL=':'
MKDIR_P='/opt/homebrew/bin/gmkdir -p'
NM='nm'
NMEDIT='nmedit'
OBJDUMP='objdump'
OBJEXT='o'
OPT_LDFLAGS=''
OTOOL64=':'
OTOOL='otool'
PACKAGE='libffi'
PACKAGE_BUGREPORT='http://github.com/libffi/libffi/issues'
PACKAGE_NAME='libffi'
PACKAGE_STRING='libffi 3.4.4'
PACKAGE_TARNAME='libffi'
PACKAGE_URL=''
PACKAGE_VERSION='3.4.4'
PATH_SEPARATOR=':'
PRTDIAG=''
RANLIB='ranlib'
READELF=''
SECTION_LDFLAGS=''
SED='/opt/homebrew/bin/gsed'
SET_MAKE=''
SHELL='/bin/sh'
STRIP='strip'
TARGET='AARCH64'
TARGETDIR='aarch64'
TARGET_OBJ=' src/aarch64/ffi.lo src/aarch64/sysv.lo'
TESTSUBDIR_FALSE='#'
TESTSUBDIR_TRUE=''
VERSION='3.4.4'
ac_ct_AR='ar'
ac_ct_CC=''
ac_ct_CXX='g++'
ac_ct_DUMPBIN='link -dump'
am__EXEEXT_FALSE=''
am__EXEEXT_TRUE='#'
am__fastdepCCAS_FALSE=''
am__fastdepCCAS_TRUE='#'
am__fastdepCC_FALSE=''
am__fastdepCC_TRUE='#'
am__fastdepCXX_FALSE=''
am__fastdepCXX_TRUE='#'
am__include='include'
am__isrc=' -I$(srcdir)'
am__leading_dot='.'
am__nodep=''
am__quote=''
am__tar='$${TAR-tar} chof - "$$tardir"'
am__untar='$${TAR-tar} xf -'
ax_enable_builddir_sed='/opt/homebrew/bin/gsed'
bindir='${exec_prefix}/bin'
build='aarch64-apple-darwin23.2.0'
build_alias=''
build_cpu='aarch64'
build_os='darwin23.2.0'
build_vendor='apple'
datadir='${datarootdir}'
datarootdir='${prefix}/share'
docdir='${datarootdir}/doc/${PACKAGE_TARNAME}'
dvidir='${docdir}'
exec_prefix='${prefix}'
host='aarch64-apple-darwin22'
host_alias='aarch64-apple-darwin22'
host_cpu='aarch64'
host_os='darwin22'
host_vendor='apple'
htmldir='${docdir}'
includedir='${prefix}/include'
infodir='${datarootdir}/info'
install_sh='${SHELL} /Users/kuray/Coursion/OpenSource/react-native-typescript-boilerplate/rntypescriptBoilerplate/vendor/bundle/ruby/2.7.0/gems/ffi-1.16.3/ext/ffi_c/libffi/install-sh'
libdir='${exec_prefix}/lib'
libexecdir='${exec_prefix}/libexec'
localedir='${datarootdir}/locale'
localstatedir='${prefix}/var'
mandir='${datarootdir}/man'
mkdir_p='$(MKDIR_P)'
oldincludedir='/usr/include'
pdfdir='${docdir}'
prefix='/usr/local'
program_transform_name='s,x,x,'
psdir='${docdir}'
runstatedir='${localstatedir}/run'
sbindir='${exec_prefix}/sbin'
sharedstatedir='${prefix}/com'
sys_symbol_underscore='yes'
sysconfdir='${prefix}/etc'
target='aarch64-apple-darwin22'
target_alias='aarch64-apple-darwin22'
target_cpu='aarch64'
target_os='darwin22'
target_vendor='apple'
tmake_file=''
toolexecdir='${libdir}/gcc-lib/$(target_alias)'
toolexeclibdir='${libdir}'

## ----------- ##
## confdefs.h. ##
## ----------- ##

/* confdefs.h */
#define PACKAGE_NAME "libffi"
#define PACKAGE_TARNAME "libffi"
#define PACKAGE_VERSION "3.4.4"
#define PACKAGE_STRING "libffi 3.4.4"
#define PACKAGE_BUGREPORT "http://github.com/libffi/libffi/issues"
#define PACKAGE_URL ""
#define PACKAGE "libffi"
#define VERSION "3.4.4"
#define HAVE_STDIO_H 1
#define HAVE_STDLIB_H 1
#define HAVE_STRING_H 1
#define HAVE_INTTYPES_H 1
#define HAVE_STDINT_H 1
#define HAVE_STRINGS_H 1
#define HAVE_SYS_STAT_H 1
#define HAVE_SYS_TYPES_H 1
#define HAVE_UNISTD_H 1
#define STDC_HEADERS 1
#define HAVE_DLFCN_H 1
#define LT_OBJDIR ".libs/"
#define SIZEOF_SIZE_T 8
#define HAVE_MEMCPY 1
#define HAVE_ALLOCA_H 1
#define SIZEOF_DOUBLE 8
#define SIZEOF_LONG_DOUBLE 8
#define HAVE_AS_CFI_PSEUDO_OP 1
#define SYMBOL_UNDERSCORE 1
#define FFI_EXEC_TRAMPOLINE_TABLE 1
#define HAVE_RO_EH_FRAME 1
#define EH_FRAME_FLAGS "a"
#define HAVE_HIDDEN_VISIBILITY_ATTRIBUTE 1

configure: exit 0
